2023-07-20 15:52:30.287  INFO 64809 --- [restartedMain] t.d.springsec.SpringsecApplication       : Starting SpringsecApplication using Java 17.0.6 on Dinh-Phus-MacBook-Pro-16.local with PID 64809 (/Users/dinhphu/tmp/learn-spring-security/springsec/target/classes started by dinhphu in /Users/dinhphu/tmp/learn-spring-security/springsec)
2023-07-20 15:52:30.292 DEBUG 64809 --- [restartedMain] t.d.springsec.SpringsecApplication       : Running with Spring Boot v2.7.3, Spring v5.3.22
2023-07-20 15:52:30.293  INFO 64809 --- [restartedMain] t.d.springsec.SpringsecApplication       : No active profile set, falling back to 1 default profile: "default"
2023-07-20 15:52:32.692  WARN 64809 --- [restartedMain] o.h.t.s.i.ExceptionHandlerLoggedImpl     : GenerationTarget encountered exception accepting command : Error executing DDL "alter table user_roles drop foreign key FKhfh9dx7w3ubf1co1vdev94g3f" via JDBC Statement

org.hibernate.tool.schema.spi.CommandAcceptanceException: Error executing DDL "alter table user_roles drop foreign key FKhfh9dx7w3ubf1co1vdev94g3f" via JDBC Statement
	at org.hibernate.tool.schema.internal.exec.GenerationTargetToDatabase.accept(GenerationTargetToDatabase.java:67) ~[hibernate-core-5.6.10.Final.jar:5.6.10.Final]
	at org.hibernate.tool.schema.internal.SchemaDropperImpl.applySqlString(SchemaDropperImpl.java:387) ~[hibernate-core-5.6.10.Final.jar:5.6.10.Final]
	at org.hibernate.tool.schema.internal.SchemaDropperImpl.applySqlStrings(SchemaDropperImpl.java:371) ~[hibernate-core-5.6.10.Final.jar:5.6.10.Final]
	at org.hibernate.tool.schema.internal.SchemaDropperImpl.applyConstraintDropping(SchemaDropperImpl.java:341) ~[hibernate-core-5.6.10.Final.jar:5.6.10.Final]
	at org.hibernate.tool.schema.internal.SchemaDropperImpl.dropFromMetadata(SchemaDropperImpl.java:235) ~[hibernate-core-5.6.10.Final.jar:5.6.10.Final]
	at org.hibernate.tool.schema.internal.SchemaDropperImpl.performDrop(SchemaDropperImpl.java:156) ~[hibernate-core-5.6.10.Final.jar:5.6.10.Final]
	at org.hibernate.tool.schema.internal.SchemaDropperImpl.doDrop(SchemaDropperImpl.java:128) ~[hibernate-core-5.6.10.Final.jar:5.6.10.Final]
	at org.hibernate.tool.schema.internal.SchemaDropperImpl.doDrop(SchemaDropperImpl.java:114) ~[hibernate-core-5.6.10.Final.jar:5.6.10.Final]
	at org.hibernate.tool.schema.spi.SchemaManagementToolCoordinator.performDatabaseAction(SchemaManagementToolCoordinator.java:157) ~[hibernate-core-5.6.10.Final.jar:5.6.10.Final]
	at org.hibernate.tool.schema.spi.SchemaManagementToolCoordinator.process(SchemaManagementToolCoordinator.java:85) ~[hibernate-core-5.6.10.Final.jar:5.6.10.Final]
	at org.hibernate.internal.SessionFactoryImpl.<init>(SessionFactoryImpl.java:335) ~[hibernate-core-5.6.10.Final.jar:5.6.10.Final]
	at org.hibernate.boot.internal.SessionFactoryBuilderImpl.build(SessionFactoryBuilderImpl.java:471) ~[hibernate-core-5.6.10.Final.jar:5.6.10.Final]
	at org.hibernate.jpa.boot.internal.EntityManagerFactoryBuilderImpl.build(EntityManagerFactoryBuilderImpl.java:1498) ~[hibernate-core-5.6.10.Final.jar:5.6.10.Final]
	at org.springframework.orm.jpa.vendor.SpringHibernateJpaPersistenceProvider.createContainerEntityManagerFactory(SpringHibernateJpaPersistenceProvider.java:58) ~[spring-orm-5.3.22.jar:5.3.22]
	at org.springframework.orm.jpa.LocalContainerEntityManagerFactoryBean.createNativeEntityManagerFactory(LocalContainerEntityManagerFactoryBean.java:365) ~[spring-orm-5.3.22.jar:5.3.22]
	at org.springframework.orm.jpa.AbstractEntityManagerFactoryBean.buildNativeEntityManagerFactory(AbstractEntityManagerFactoryBean.java:409) ~[spring-orm-5.3.22.jar:5.3.22]
	at org.springframework.orm.jpa.AbstractEntityManagerFactoryBean.afterPropertiesSet(AbstractEntityManagerFactoryBean.java:396) ~[spring-orm-5.3.22.jar:5.3.22]
	at org.springframework.orm.jpa.LocalContainerEntityManagerFactoryBean.afterPropertiesSet(LocalContainerEntityManagerFactoryBean.java:341) ~[spring-orm-5.3.22.jar:5.3.22]
	at org.springframework.beans.factory.support.AbstractAutowireCapableBeanFactory.invokeInitMethods(AbstractAutowireCapableBeanFactory.java:1863) ~[spring-beans-5.3.22.jar:5.3.22]
	at org.springframework.beans.factory.support.AbstractAutowireCapableBeanFactory.initializeBean(AbstractAutowireCapableBeanFactory.java:1800) ~[spring-beans-5.3.22.jar:5.3.22]
	at org.springframework.beans.factory.support.AbstractAutowireCapableBeanFactory.doCreateBean(AbstractAutowireCapableBeanFactory.java:620) ~[spring-beans-5.3.22.jar:5.3.22]
	at org.springframework.beans.factory.support.AbstractAutowireCapableBeanFactory.createBean(AbstractAutowireCapableBeanFactory.java:542) ~[spring-beans-5.3.22.jar:5.3.22]
	at org.springframework.beans.factory.support.AbstractBeanFactory.lambda$doGetBean$0(AbstractBeanFactory.java:335) ~[spring-beans-5.3.22.jar:5.3.22]
	at org.springframework.beans.factory.support.DefaultSingletonBeanRegistry.getSingleton(DefaultSingletonBeanRegistry.java:234) ~[spring-beans-5.3.22.jar:5.3.22]
	at org.springframework.beans.factory.support.AbstractBeanFactory.doGetBean(AbstractBeanFactory.java:333) ~[spring-beans-5.3.22.jar:5.3.22]
	at org.springframework.beans.factory.support.AbstractBeanFactory.getBean(AbstractBeanFactory.java:208) ~[spring-beans-5.3.22.jar:5.3.22]
	at org.springframework.context.support.AbstractApplicationContext.getBean(AbstractApplicationContext.java:1154) ~[spring-context-5.3.22.jar:5.3.22]
	at org.springframework.context.support.AbstractApplicationContext.finishBeanFactoryInitialization(AbstractApplicationContext.java:908) ~[spring-context-5.3.22.jar:5.3.22]
	at org.springframework.context.support.AbstractApplicationContext.refresh(AbstractApplicationContext.java:583) ~[spring-context-5.3.22.jar:5.3.22]
	at org.springframework.boot.web.servlet.context.ServletWebServerApplicationContext.refresh(ServletWebServerApplicationContext.java:147) ~[spring-boot-2.7.3.jar:2.7.3]
	at org.springframework.boot.SpringApplication.refresh(SpringApplication.java:734) ~[spring-boot-2.7.3.jar:2.7.3]
	at org.springframework.boot.SpringApplication.refreshContext(SpringApplication.java:408) ~[spring-boot-2.7.3.jar:2.7.3]
	at org.springframework.boot.SpringApplication.run(SpringApplication.java:308) ~[spring-boot-2.7.3.jar:2.7.3]
	at org.springframework.boot.SpringApplication.run(SpringApplication.java:1306) ~[spring-boot-2.7.3.jar:2.7.3]
	at org.springframework.boot.SpringApplication.run(SpringApplication.java:1295) ~[spring-boot-2.7.3.jar:2.7.3]
	at tech.dinhphu28.springsec.SpringsecApplication.main(SpringsecApplication.java:12) ~[classes/:na]
	at java.base/jdk.internal.reflect.NativeMethodAccessorImpl.invoke0(Native Method) ~[na:na]
	at java.base/jdk.internal.reflect.NativeMethodAccessorImpl.invoke(NativeMethodAccessorImpl.java:77) ~[na:na]
	at java.base/jdk.internal.reflect.DelegatingMethodAccessorImpl.invoke(DelegatingMethodAccessorImpl.java:43) ~[na:na]
	at java.base/java.lang.reflect.Method.invoke(Method.java:568) ~[na:na]
	at org.springframework.boot.devtools.restart.RestartLauncher.run(RestartLauncher.java:49) ~[spring-boot-devtools-2.7.3.jar:2.7.3]
Caused by: java.sql.SQLSyntaxErrorException: Table 'springsec.user_roles' doesn't exist
	at com.mysql.cj.jdbc.exceptions.SQLError.createSQLException(SQLError.java:120) ~[mysql-connector-java-8.0.30.jar:8.0.30]
	at com.mysql.cj.jdbc.exceptions.SQLExceptionsMapping.translateException(SQLExceptionsMapping.java:122) ~[mysql-connector-java-8.0.30.jar:8.0.30]
	at com.mysql.cj.jdbc.StatementImpl.executeInternal(StatementImpl.java:763) ~[mysql-connector-java-8.0.30.jar:8.0.30]
	at com.mysql.cj.jdbc.StatementImpl.execute(StatementImpl.java:648) ~[mysql-connector-java-8.0.30.jar:8.0.30]
	at com.zaxxer.hikari.pool.ProxyStatement.execute(ProxyStatement.java:94) ~[HikariCP-4.0.3.jar:na]
	at com.zaxxer.hikari.pool.HikariProxyStatement.execute(HikariProxyStatement.java) ~[HikariCP-4.0.3.jar:na]
	at org.hibernate.tool.schema.internal.exec.GenerationTargetToDatabase.accept(GenerationTargetToDatabase.java:54) ~[hibernate-core-5.6.10.Final.jar:5.6.10.Final]
	... 40 common frames omitted

2023-07-20 15:52:33.252  INFO 64809 --- [restartedMain] o.s.s.web.DefaultSecurityFilterChain     : Will secure any request with [org.springframework.security.web.session.DisableEncodeUrlFilter@6c4aa242, org.springframework.security.web.context.request.async.WebAsyncManagerIntegrationFilter@68d8988d, org.springframework.security.web.context.SecurityContextPersistenceFilter@1b3c78f3, org.springframework.security.web.header.HeaderWriterFilter@349eb473, org.springframework.security.web.authentication.logout.LogoutFilter@6a4cba8e, tech.dinhphu28.springsec.Utils.Security.Jwt.JwtTokenAuthenticationFilter@4a9bea9, org.springframework.security.web.savedrequest.RequestCacheAwareFilter@39dc415f, org.springframework.security.web.servletapi.SecurityContextHolderAwareRequestFilter@6a16f70f, org.springframework.security.web.authentication.AnonymousAuthenticationFilter@2efa15a2, org.springframework.security.web.session.SessionManagementFilter@41f173b2, org.springframework.security.web.access.ExceptionTranslationFilter@2af2ee53, org.springframework.security.web.access.intercept.AuthorizationFilter@685d8977]
2023-07-20 15:52:33.365  WARN 64809 --- [restartedMain] JpaBaseConfiguration$JpaWebConfiguration : spring.jpa.open-in-view is enabled by default. Therefore, database queries may be performed during view rendering. Explicitly configure spring.jpa.open-in-view to disable this warning
2023-07-20 15:52:33.826  INFO 64809 --- [restartedMain] t.d.springsec.SpringsecApplication       : Started SpringsecApplication in 8.839 seconds (JVM running for 9.167)
2023-07-20 15:52:33.827 DEBUG 64809 --- [restartedMain] t.dinhphu28.springsec.DataInitializer    : initializing vehicles data...
2023-07-20 15:52:33.939 DEBUG 64809 --- [restartedMain] t.dinhphu28.springsec.DataInitializer    : printing all vehicles...
2023-07-20 15:52:34.037 DEBUG 64809 --- [restartedMain] t.dinhphu28.springsec.DataInitializer    :  Vehicle: Vehicle(name=moto, brand=FORD)
2023-07-20 15:52:34.037 DEBUG 64809 --- [restartedMain] t.dinhphu28.springsec.DataInitializer    :  Vehicle: Vehicle(name=car, brand=FORD)
2023-07-20 15:52:34.238 DEBUG 64809 --- [restartedMain] t.dinhphu28.springsec.DataInitializer    : printing all users...
2023-07-20 15:52:34.255 DEBUG 64809 --- [restartedMain] t.dinhphu28.springsec.DataInitializer    :  User: User(id=3, username=user, password={bcrypt}$2a$10$lI3ELaBSjmp1xYyADOKdTO/8Nza8qdVSRggMm7Y4cDCpQd4StHSKy, roles=[ROLE_USER])
2023-07-20 15:52:34.255 DEBUG 64809 --- [restartedMain] t.dinhphu28.springsec.DataInitializer    :  User: User(id=4, username=admin, password={bcrypt}$2a$10$79CnSZrI8LxnnE8w98OA2Ons6YEMA.cyPle4h7hugg5rdoGAvY18C, roles=[ROLE_USER, ROLE_ADMIN])
2023-07-20 15:52:35.221  INFO 64809 --- [http-nio-8080-exec-1] o.s.web.servlet.DispatcherServlet        : Initializing Servlet 'dispatcherServlet'
2023-07-20 15:52:35.222  INFO 64809 --- [http-nio-8080-exec-1] o.s.web.servlet.DispatcherServlet        : Completed initialization in 0 ms
2023-07-20 15:52:35.230 DEBUG 64809 --- [http-nio-8080-exec-1] o.s.security.web.FilterChainProxy        : Securing GET /swagger-ui/index.html
2023-07-20 15:52:35.232 DEBUG 64809 --- [http-nio-8080-exec-1] s.s.w.c.SecurityContextPersistenceFilter : Set SecurityContextHolder to empty SecurityContext
2023-07-20 15:52:35.233  INFO 64809 --- [http-nio-8080-exec-1] t.d.s.U.S.J.JwtTokenAuthenticationFilter : Extracting token from HttpServletRequest: null
2023-07-20 15:52:35.236 DEBUG 64809 --- [http-nio-8080-exec-1] o.s.s.w.a.AnonymousAuthenticationFilter  : Set SecurityContextHolder to anonymous SecurityContext
2023-07-20 15:52:35.237 DEBUG 64809 --- [http-nio-8080-exec-1] s.s.w.c.SecurityContextPersistenceFilter : Cleared SecurityContextHolder to complete request
2023-07-20 15:52:40.374 DEBUG 64809 --- [http-nio-8080-exec-2] o.s.security.web.FilterChainProxy        : Securing GET /swagger-ui/index.html
2023-07-20 15:52:40.375 DEBUG 64809 --- [http-nio-8080-exec-2] s.s.w.c.SecurityContextPersistenceFilter : Set SecurityContextHolder to empty SecurityContext
2023-07-20 15:52:40.375  INFO 64809 --- [http-nio-8080-exec-2] t.d.s.U.S.J.JwtTokenAuthenticationFilter : Extracting token from HttpServletRequest: null
2023-07-20 15:52:40.375 DEBUG 64809 --- [http-nio-8080-exec-2] o.s.s.w.a.AnonymousAuthenticationFilter  : Set SecurityContextHolder to anonymous SecurityContext
2023-07-20 15:52:40.375 DEBUG 64809 --- [http-nio-8080-exec-2] s.s.w.c.SecurityContextPersistenceFilter : Cleared SecurityContextHolder to complete request
2023-07-20 15:52:40.543 DEBUG 64809 --- [http-nio-8080-exec-3] o.s.security.web.FilterChainProxy        : Securing GET /swagger-ui/index.html
2023-07-20 15:52:40.543 DEBUG 64809 --- [http-nio-8080-exec-3] s.s.w.c.SecurityContextPersistenceFilter : Set SecurityContextHolder to empty SecurityContext
2023-07-20 15:52:40.544  INFO 64809 --- [http-nio-8080-exec-3] t.d.s.U.S.J.JwtTokenAuthenticationFilter : Extracting token from HttpServletRequest: null
2023-07-20 15:52:40.544 DEBUG 64809 --- [http-nio-8080-exec-3] o.s.s.w.a.AnonymousAuthenticationFilter  : Set SecurityContextHolder to anonymous SecurityContext
2023-07-20 15:52:40.544 DEBUG 64809 --- [http-nio-8080-exec-3] s.s.w.c.SecurityContextPersistenceFilter : Cleared SecurityContextHolder to complete request
2023-07-20 15:52:40.729 DEBUG 64809 --- [http-nio-8080-exec-4] o.s.security.web.FilterChainProxy        : Securing GET /swagger-ui/index.html
2023-07-20 15:52:40.729 DEBUG 64809 --- [http-nio-8080-exec-4] s.s.w.c.SecurityContextPersistenceFilter : Set SecurityContextHolder to empty SecurityContext
2023-07-20 15:52:40.730  INFO 64809 --- [http-nio-8080-exec-4] t.d.s.U.S.J.JwtTokenAuthenticationFilter : Extracting token from HttpServletRequest: null
2023-07-20 15:52:40.730 DEBUG 64809 --- [http-nio-8080-exec-4] o.s.s.w.a.AnonymousAuthenticationFilter  : Set SecurityContextHolder to anonymous SecurityContext
2023-07-20 15:52:40.730 DEBUG 64809 --- [http-nio-8080-exec-4] s.s.w.c.SecurityContextPersistenceFilter : Cleared SecurityContextHolder to complete request
2023-07-20 15:52:41.613 DEBUG 64809 --- [http-nio-8080-exec-5] o.s.security.web.FilterChainProxy        : Securing GET /swagger-ui/index.html
2023-07-20 15:52:41.613 DEBUG 64809 --- [http-nio-8080-exec-5] s.s.w.c.SecurityContextPersistenceFilter : Set SecurityContextHolder to empty SecurityContext
2023-07-20 15:52:41.613  INFO 64809 --- [http-nio-8080-exec-5] t.d.s.U.S.J.JwtTokenAuthenticationFilter : Extracting token from HttpServletRequest: null
2023-07-20 15:52:41.613 DEBUG 64809 --- [http-nio-8080-exec-5] o.s.s.w.a.AnonymousAuthenticationFilter  : Set SecurityContextHolder to anonymous SecurityContext
2023-07-20 15:52:41.614 DEBUG 64809 --- [http-nio-8080-exec-5] s.s.w.c.SecurityContextPersistenceFilter : Cleared SecurityContextHolder to complete request
2023-07-20 15:52:49.594 DEBUG 64809 --- [http-nio-8080-exec-6] o.s.security.web.FilterChainProxy        : Securing GET /swagger-ui/index.html
2023-07-20 15:52:49.594 DEBUG 64809 --- [http-nio-8080-exec-6] s.s.w.c.SecurityContextPersistenceFilter : Set SecurityContextHolder to empty SecurityContext
2023-07-20 15:52:49.594  INFO 64809 --- [http-nio-8080-exec-6] t.d.s.U.S.J.JwtTokenAuthenticationFilter : Extracting token from HttpServletRequest: null
2023-07-20 15:52:49.594 DEBUG 64809 --- [http-nio-8080-exec-6] o.s.s.w.a.AnonymousAuthenticationFilter  : Set SecurityContextHolder to anonymous SecurityContext
2023-07-20 15:52:49.595 DEBUG 64809 --- [http-nio-8080-exec-6] s.s.w.c.SecurityContextPersistenceFilter : Cleared SecurityContextHolder to complete request
2023-07-20 15:52:49.778 DEBUG 64809 --- [http-nio-8080-exec-7] o.s.security.web.FilterChainProxy        : Securing GET /swagger-ui/index.html
2023-07-20 15:52:49.778 DEBUG 64809 --- [http-nio-8080-exec-7] s.s.w.c.SecurityContextPersistenceFilter : Set SecurityContextHolder to empty SecurityContext
2023-07-20 15:52:49.778  INFO 64809 --- [http-nio-8080-exec-7] t.d.s.U.S.J.JwtTokenAuthenticationFilter : Extracting token from HttpServletRequest: null
2023-07-20 15:52:49.778 DEBUG 64809 --- [http-nio-8080-exec-7] o.s.s.w.a.AnonymousAuthenticationFilter  : Set SecurityContextHolder to anonymous SecurityContext
2023-07-20 15:52:49.778 DEBUG 64809 --- [http-nio-8080-exec-7] s.s.w.c.SecurityContextPersistenceFilter : Cleared SecurityContextHolder to complete request
2023-07-20 15:52:49.875 DEBUG 64809 --- [http-nio-8080-exec-8] o.s.security.web.FilterChainProxy        : Securing GET /swagger-ui/index.html
2023-07-20 15:52:49.875 DEBUG 64809 --- [http-nio-8080-exec-8] s.s.w.c.SecurityContextPersistenceFilter : Set SecurityContextHolder to empty SecurityContext
2023-07-20 15:52:49.875  INFO 64809 --- [http-nio-8080-exec-8] t.d.s.U.S.J.JwtTokenAuthenticationFilter : Extracting token from HttpServletRequest: null
2023-07-20 15:52:49.875 DEBUG 64809 --- [http-nio-8080-exec-8] o.s.s.w.a.AnonymousAuthenticationFilter  : Set SecurityContextHolder to anonymous SecurityContext
2023-07-20 15:52:49.876 DEBUG 64809 --- [http-nio-8080-exec-8] s.s.w.c.SecurityContextPersistenceFilter : Cleared SecurityContextHolder to complete request
2023-07-20 15:52:51.594 DEBUG 64809 --- [http-nio-8080-exec-9] o.s.security.web.FilterChainProxy        : Securing GET /swagger-ui/index.html
2023-07-20 15:52:51.594 DEBUG 64809 --- [http-nio-8080-exec-9] s.s.w.c.SecurityContextPersistenceFilter : Set SecurityContextHolder to empty SecurityContext
2023-07-20 15:52:51.594  INFO 64809 --- [http-nio-8080-exec-9] t.d.s.U.S.J.JwtTokenAuthenticationFilter : Extracting token from HttpServletRequest: null
2023-07-20 15:52:51.594 DEBUG 64809 --- [http-nio-8080-exec-9] o.s.s.w.a.AnonymousAuthenticationFilter  : Set SecurityContextHolder to anonymous SecurityContext
2023-07-20 15:52:51.594 DEBUG 64809 --- [http-nio-8080-exec-9] s.s.w.c.SecurityContextPersistenceFilter : Cleared SecurityContextHolder to complete request
2023-07-20 15:52:53.657 DEBUG 64809 --- [http-nio-8080-exec-10] o.s.security.web.FilterChainProxy        : Securing GET /swagger-ui/index.html
2023-07-20 15:52:53.658 DEBUG 64809 --- [http-nio-8080-exec-10] s.s.w.c.SecurityContextPersistenceFilter : Set SecurityContextHolder to empty SecurityContext
2023-07-20 15:52:53.658  INFO 64809 --- [http-nio-8080-exec-10] t.d.s.U.S.J.JwtTokenAuthenticationFilter : Extracting token from HttpServletRequest: null
2023-07-20 15:52:53.658 DEBUG 64809 --- [http-nio-8080-exec-10] o.s.s.w.a.AnonymousAuthenticationFilter  : Set SecurityContextHolder to anonymous SecurityContext
2023-07-20 15:52:53.658 DEBUG 64809 --- [http-nio-8080-exec-10] s.s.w.c.SecurityContextPersistenceFilter : Cleared SecurityContextHolder to complete request
2023-07-20 15:52:53.774 DEBUG 64809 --- [http-nio-8080-exec-1] o.s.security.web.FilterChainProxy        : Securing GET /swagger-ui/index.html
2023-07-20 15:52:53.775 DEBUG 64809 --- [http-nio-8080-exec-1] s.s.w.c.SecurityContextPersistenceFilter : Set SecurityContextHolder to empty SecurityContext
2023-07-20 15:52:53.775  INFO 64809 --- [http-nio-8080-exec-1] t.d.s.U.S.J.JwtTokenAuthenticationFilter : Extracting token from HttpServletRequest: null
2023-07-20 15:52:53.775 DEBUG 64809 --- [http-nio-8080-exec-1] o.s.s.w.a.AnonymousAuthenticationFilter  : Set SecurityContextHolder to anonymous SecurityContext
2023-07-20 15:52:53.775 DEBUG 64809 --- [http-nio-8080-exec-1] s.s.w.c.SecurityContextPersistenceFilter : Cleared SecurityContextHolder to complete request
2023-07-20 15:52:53.894 DEBUG 64809 --- [http-nio-8080-exec-2] o.s.security.web.FilterChainProxy        : Securing GET /swagger-ui/index.html
2023-07-20 15:52:53.894 DEBUG 64809 --- [http-nio-8080-exec-2] s.s.w.c.SecurityContextPersistenceFilter : Set SecurityContextHolder to empty SecurityContext
2023-07-20 15:52:53.894  INFO 64809 --- [http-nio-8080-exec-2] t.d.s.U.S.J.JwtTokenAuthenticationFilter : Extracting token from HttpServletRequest: null
2023-07-20 15:52:53.894 DEBUG 64809 --- [http-nio-8080-exec-2] o.s.s.w.a.AnonymousAuthenticationFilter  : Set SecurityContextHolder to anonymous SecurityContext
2023-07-20 15:52:53.895 DEBUG 64809 --- [http-nio-8080-exec-2] s.s.w.c.SecurityContextPersistenceFilter : Cleared SecurityContextHolder to complete request
2023-07-20 15:52:54.044 DEBUG 64809 --- [http-nio-8080-exec-3] o.s.security.web.FilterChainProxy        : Securing GET /swagger-ui/index.html
2023-07-20 15:52:54.044 DEBUG 64809 --- [http-nio-8080-exec-3] s.s.w.c.SecurityContextPersistenceFilter : Set SecurityContextHolder to empty SecurityContext
2023-07-20 15:52:54.044  INFO 64809 --- [http-nio-8080-exec-3] t.d.s.U.S.J.JwtTokenAuthenticationFilter : Extracting token from HttpServletRequest: null
2023-07-20 15:52:54.044 DEBUG 64809 --- [http-nio-8080-exec-3] o.s.s.w.a.AnonymousAuthenticationFilter  : Set SecurityContextHolder to anonymous SecurityContext
2023-07-20 15:52:54.044 DEBUG 64809 --- [http-nio-8080-exec-3] s.s.w.c.SecurityContextPersistenceFilter : Cleared SecurityContextHolder to complete request
2023-07-20 15:52:54.413 DEBUG 64809 --- [http-nio-8080-exec-4] o.s.security.web.FilterChainProxy        : Securing GET /swagger-ui/index.html
2023-07-20 15:52:54.413 DEBUG 64809 --- [http-nio-8080-exec-4] s.s.w.c.SecurityContextPersistenceFilter : Set SecurityContextHolder to empty SecurityContext
2023-07-20 15:52:54.413  INFO 64809 --- [http-nio-8080-exec-4] t.d.s.U.S.J.JwtTokenAuthenticationFilter : Extracting token from HttpServletRequest: null
2023-07-20 15:52:54.413 DEBUG 64809 --- [http-nio-8080-exec-4] o.s.s.w.a.AnonymousAuthenticationFilter  : Set SecurityContextHolder to anonymous SecurityContext
2023-07-20 15:52:54.413 DEBUG 64809 --- [http-nio-8080-exec-4] s.s.w.c.SecurityContextPersistenceFilter : Cleared SecurityContextHolder to complete request
2023-07-20 15:52:54.494 DEBUG 64809 --- [http-nio-8080-exec-5] o.s.security.web.FilterChainProxy        : Securing GET /swagger-ui/index.html
2023-07-20 15:52:54.494 DEBUG 64809 --- [http-nio-8080-exec-5] s.s.w.c.SecurityContextPersistenceFilter : Set SecurityContextHolder to empty SecurityContext
2023-07-20 15:52:54.494  INFO 64809 --- [http-nio-8080-exec-5] t.d.s.U.S.J.JwtTokenAuthenticationFilter : Extracting token from HttpServletRequest: null
2023-07-20 15:52:54.494 DEBUG 64809 --- [http-nio-8080-exec-5] o.s.s.w.a.AnonymousAuthenticationFilter  : Set SecurityContextHolder to anonymous SecurityContext
2023-07-20 15:52:54.494 DEBUG 64809 --- [http-nio-8080-exec-5] s.s.w.c.SecurityContextPersistenceFilter : Cleared SecurityContextHolder to complete request
2023-07-20 15:52:54.712 DEBUG 64809 --- [http-nio-8080-exec-6] o.s.security.web.FilterChainProxy        : Securing GET /swagger-ui/index.html
2023-07-20 15:52:54.713 DEBUG 64809 --- [http-nio-8080-exec-6] s.s.w.c.SecurityContextPersistenceFilter : Set SecurityContextHolder to empty SecurityContext
2023-07-20 15:52:54.713  INFO 64809 --- [http-nio-8080-exec-6] t.d.s.U.S.J.JwtTokenAuthenticationFilter : Extracting token from HttpServletRequest: null
2023-07-20 15:52:54.713 DEBUG 64809 --- [http-nio-8080-exec-6] o.s.s.w.a.AnonymousAuthenticationFilter  : Set SecurityContextHolder to anonymous SecurityContext
2023-07-20 15:52:54.713 DEBUG 64809 --- [http-nio-8080-exec-6] s.s.w.c.SecurityContextPersistenceFilter : Cleared SecurityContextHolder to complete request
2023-07-20 15:52:55.019 DEBUG 64809 --- [http-nio-8080-exec-7] o.s.security.web.FilterChainProxy        : Securing GET /swagger-ui/index.html
2023-07-20 15:52:55.019 DEBUG 64809 --- [http-nio-8080-exec-7] s.s.w.c.SecurityContextPersistenceFilter : Set SecurityContextHolder to empty SecurityContext
2023-07-20 15:52:55.019  INFO 64809 --- [http-nio-8080-exec-7] t.d.s.U.S.J.JwtTokenAuthenticationFilter : Extracting token from HttpServletRequest: null
2023-07-20 15:52:55.019 DEBUG 64809 --- [http-nio-8080-exec-7] o.s.s.w.a.AnonymousAuthenticationFilter  : Set SecurityContextHolder to anonymous SecurityContext
2023-07-20 15:52:55.020 DEBUG 64809 --- [http-nio-8080-exec-7] s.s.w.c.SecurityContextPersistenceFilter : Cleared SecurityContextHolder to complete request
2023-07-20 15:52:57.669 DEBUG 64809 --- [http-nio-8080-exec-8] o.s.security.web.FilterChainProxy        : Securing GET /swagger-ui/index.html
2023-07-20 15:52:57.669 DEBUG 64809 --- [http-nio-8080-exec-8] s.s.w.c.SecurityContextPersistenceFilter : Set SecurityContextHolder to empty SecurityContext
2023-07-20 15:52:57.669  INFO 64809 --- [http-nio-8080-exec-8] t.d.s.U.S.J.JwtTokenAuthenticationFilter : Extracting token from HttpServletRequest: null
2023-07-20 15:52:57.669 DEBUG 64809 --- [http-nio-8080-exec-8] o.s.s.w.a.AnonymousAuthenticationFilter  : Set SecurityContextHolder to anonymous SecurityContext
2023-07-20 15:52:57.670 DEBUG 64809 --- [http-nio-8080-exec-8] s.s.w.c.SecurityContextPersistenceFilter : Cleared SecurityContextHolder to complete request
2023-07-20 15:52:58.843 DEBUG 64809 --- [http-nio-8080-exec-9] o.s.security.web.FilterChainProxy        : Securing GET /swagger-ui/index.html
2023-07-20 15:52:58.843 DEBUG 64809 --- [http-nio-8080-exec-9] s.s.w.c.SecurityContextPersistenceFilter : Set SecurityContextHolder to empty SecurityContext
2023-07-20 15:52:58.844  INFO 64809 --- [http-nio-8080-exec-9] t.d.s.U.S.J.JwtTokenAuthenticationFilter : Extracting token from HttpServletRequest: null
2023-07-20 15:52:58.844 DEBUG 64809 --- [http-nio-8080-exec-9] o.s.s.w.a.AnonymousAuthenticationFilter  : Set SecurityContextHolder to anonymous SecurityContext
2023-07-20 15:52:58.844 DEBUG 64809 --- [http-nio-8080-exec-9] s.s.w.c.SecurityContextPersistenceFilter : Cleared SecurityContextHolder to complete request
2023-07-20 15:52:59.195 DEBUG 64809 --- [http-nio-8080-exec-10] o.s.security.web.FilterChainProxy        : Securing GET /swagger-ui/index.html
2023-07-20 15:52:59.195 DEBUG 64809 --- [http-nio-8080-exec-10] s.s.w.c.SecurityContextPersistenceFilter : Set SecurityContextHolder to empty SecurityContext
2023-07-20 15:52:59.196  INFO 64809 --- [http-nio-8080-exec-10] t.d.s.U.S.J.JwtTokenAuthenticationFilter : Extracting token from HttpServletRequest: null
2023-07-20 15:52:59.196 DEBUG 64809 --- [http-nio-8080-exec-10] o.s.s.w.a.AnonymousAuthenticationFilter  : Set SecurityContextHolder to anonymous SecurityContext
2023-07-20 15:52:59.196 DEBUG 64809 --- [http-nio-8080-exec-10] s.s.w.c.SecurityContextPersistenceFilter : Cleared SecurityContextHolder to complete request
2023-07-20 15:52:59.493 DEBUG 64809 --- [http-nio-8080-exec-1] o.s.security.web.FilterChainProxy        : Securing GET /swagger-ui/index.html
2023-07-20 15:52:59.493 DEBUG 64809 --- [http-nio-8080-exec-1] s.s.w.c.SecurityContextPersistenceFilter : Set SecurityContextHolder to empty SecurityContext
2023-07-20 15:52:59.493  INFO 64809 --- [http-nio-8080-exec-1] t.d.s.U.S.J.JwtTokenAuthenticationFilter : Extracting token from HttpServletRequest: null
2023-07-20 15:52:59.494 DEBUG 64809 --- [http-nio-8080-exec-1] o.s.s.w.a.AnonymousAuthenticationFilter  : Set SecurityContextHolder to anonymous SecurityContext
2023-07-20 15:52:59.494 DEBUG 64809 --- [http-nio-8080-exec-1] s.s.w.c.SecurityContextPersistenceFilter : Cleared SecurityContextHolder to complete request
2023-07-20 15:53:01.311 DEBUG 64809 --- [http-nio-8080-exec-2] o.s.security.web.FilterChainProxy        : Securing GET /swagger-ui.html
2023-07-20 15:53:01.311 DEBUG 64809 --- [http-nio-8080-exec-2] s.s.w.c.SecurityContextPersistenceFilter : Set SecurityContextHolder to empty SecurityContext
2023-07-20 15:53:01.311  INFO 64809 --- [http-nio-8080-exec-2] t.d.s.U.S.J.JwtTokenAuthenticationFilter : Extracting token from HttpServletRequest: null
2023-07-20 15:53:01.311 DEBUG 64809 --- [http-nio-8080-exec-2] o.s.s.w.a.AnonymousAuthenticationFilter  : Set SecurityContextHolder to anonymous SecurityContext
2023-07-20 15:53:01.312 DEBUG 64809 --- [http-nio-8080-exec-2] s.s.w.c.SecurityContextPersistenceFilter : Cleared SecurityContextHolder to complete request
